<?xml version="1.0" encoding="ISO-8859-1" ?>
<QDKP2EXPORT-DKP list="guild" time="1597592516" guild="BlackDivision" exporter="Frogfly" >
  <PLAYER playername="Woozii-Golemagg" class="Hunter" rank="Raider r2" net="3000" total="5000" spent="2000" hours="4.6" />
</QDKP2EXPORT-DKP>